<?xml version="1.0" encoding="UTF-8"?>
<!-- Generated by org.testng.reporters.JUnitXMLReporter -->
<testsuite ignored="0" hostname="DESKTOP-K6M7KC1" failures="0" tests="4" name="Test" time="91.014" errors="0" timestamp="26 May 2020 12:22:23 GMT">
  <testcase classname="com.qa.testcases.homepageDashboardtest" name="validateDashboardPagetitletest" time="0.026"/>
  <testcase classname="com.qa.testcases.loginPagetest" name="validatelogintitletest" time="0.013"/>
  <testcase classname="com.qa.testcases.homepageDashboardtest" name="validateDashboardPageTexttest" time="3.325"/>
  <testcase classname="com.qa.testcases.loginPagetest" name="verifylogintest" time="10.493"/>
</testsuite> <!-- Test -->
