<?xml version="1.0" encoding="UTF-8"?>
<!-- Generated by org.testng.reporters.JUnitXMLReporter -->
<testsuite hostname="01HW563856" ignored="0" name="Test" tests="8" failures="0" timestamp="2019-12-05T10:25:03 IST" time="145.944" errors="0">
  <testcase name="verifyhomepagetitletest" time="0.02" classname="com.qa.testcases.HomePageTest"/>
  <testcase name="verifyhomepagedatatitletest" time="0.213" classname="com.qa.testcases.HomePageTest"/>
  <testcase name="verifylocationpagetitletest" time="0.022" classname="com.qa.testcases.locationpagetest"/>
  <testcase name="verifylocationpagetest" time="4.456" classname="com.qa.testcases.locationpagetest"/>
  <testcase name="validatelogintitletest" time="0.054" classname="com.qa.testcases.loginPagetest"/>
  <testcase name="verifylogintest" time="20.678" classname="com.qa.testcases.loginPagetest">
    <skipped/>
  </testcase> <!-- verifylogintest -->
  <testcase name="verifylogintest" time="20.645" classname="com.qa.testcases.loginPagetest">
    <skipped/>
  </testcase> <!-- verifylogintest -->
  <testcase name="verifylogintest" time="1.603" classname="com.qa.testcases.loginPagetest"/>
</testsuite> <!-- Test -->
